============================================================
  Generated by:           Genus(TM) Synthesis Solution 21.10-p002_1
  Generated on:           Feb 24 2025  09:29:07 am
  Module:                 sequential
  Operating conditions:   PVT_0P9V_125C 
  Operating conditions:   PVT_1P32V_0C 
  Interconnect mode:      global
  Area mode:              physical library
============================================================

Timing
--------

Clock  Period  
---------------
clk   100000.0 


  Cost    Critical         Violating 
 Group   Path Slack  TNS     Paths   
-------------------------------------
clk         95981.2   0.0          0 
default    No paths   0.0            
-------------------------------------
Total                 0.0          0 

Instance Count
--------------
Leaf Instance Count             10 
Physical Instance count          0 
Sequential Instance Count        2 
Combinational Instance Count     8 
Hierarchical Instance Count      0 

Area
----
Cell Area                          32.148
Physical Cell Area                 0.000
Total Cell Area (Cell+Physical)    32.148
Net Area                           12.886
Total Area (Cell+Physical+Net)     45.034

Max Fanout                         5 (Q[1])
Min Fanout                         1 (n_0)
Average Fanout                     1.7
Terms to net ratio                 2.2667
Terms to instance ratio            3.4000
Runtime                            6.994075 seconds
Elapsed Runtime                    19 seconds
Genus peak memory usage            1582.06 
Innovus peak memory usage          no_value 
Hostname                           cinova11.lesc.ufc.br
