============================================================
  Generated by:           Genus(TM) Synthesis Solution 21.10-p002_1
  Generated on:           Mar 18 2025  03:19:54 pm
  Module:                 sequential
  Operating conditions:   PVT_0P9V_125C 
  Operating conditions:   PVT_1P32V_0C 
  Interconnect mode:      global
  Area mode:              physical library
============================================================

                                            Library 
   Gate    Instances   Area      Library     Domain 
----------------------------------------------------
AOI21X1            1   1.710    slow_vdd1v0   worst 
AOI22X1            1   2.052    slow_vdd1v0   worst 
BUFX6              1   3.078    slow_vdd1v0   worst 
CLKXOR2X8          1   5.814    slow_vdd1v0   worst 
INVX1              1   0.684    slow_vdd1v0   worst 
MXI2X1             1   2.736    slow_vdd1v0   worst 
NOR2BX1            1   1.368    slow_vdd1v0   worst 
NOR2X1             1   1.026    slow_vdd1v0   worst 
OR3X1              1   2.052    slow_vdd1v0   worst 
SEDFFX1            2  23.940    slow_vdd1v0   worst 
----------------------------------------------------
total             11  44.460                


                                       
     Type      Instances  Area  Area % 
---------------------------------------
sequential             2 23.940   53.8 
inverter               1  0.684    1.5 
buffer                 1  3.078    6.9 
logic                  7 16.758   37.7 
physical_cells         0  0.000    0.0 
---------------------------------------
total                 11 44.460  100.0 

