============================================================
  Generated by:           Genus(TM) Synthesis Solution 21.10-p002_1
  Generated on:           Mar 18 2025  03:19:54 pm
  Module:                 sequential
  Operating conditions:   PVT_0P9V_125C 
  Operating conditions:   PVT_1P32V_0C 
  Interconnect mode:      global
  Area mode:              physical library
============================================================

Timing
--------

Clock  Period  
---------------
clk   100000.0 


  Cost    Critical         Violating 
 Group   Path Slack  TNS     Paths   
-------------------------------------
clk         95954.5   0.0          0 
default    No paths   0.0            
-------------------------------------
Total                 0.0          0 

Instance Count
--------------
Leaf Instance Count             11 
Physical Instance count          0 
Sequential Instance Count        2 
Combinational Instance Count     9 
Hierarchical Instance Count      0 

Area
----
Cell Area                          44.460
Physical Cell Area                 0.000
Total Cell Area (Cell+Physical)    44.460
Net Area                           16.953
Total Area (Cell+Physical+Net)     61.413

Max Fanout                         5 (State_r[0])
Min Fanout                         1 (n_0)
Average Fanout                     1.6
Terms to net ratio                 2.0952
Terms to instance ratio            4.0000
Runtime                            7.984827 seconds
Elapsed Runtime                    48 seconds
Genus peak memory usage            1583.05 
Innovus peak memory usage          no_value 
Hostname                           cinova11.lesc.ufc.br
